# JRE version: Java(TM) SE Runtime Environment (9.0+11) (build 9.0.4+11)
# Java VM: Java HotSpot(TM) 64-Bit Server VM (9.0.4+11, mixed mode, tiered, compressed oops, g1 gc, windows-amd64)
Heap:
 garbage-first heap   total 310272K, used 164288K [0x0000000700000000, 0x0000000700100978, 0x00000007c0000000)
  region size 1024K, 54 young (55296K), 2 survivors (2048K)
 Metaspace       used 94378K, capacity 96815K, committed 102400K, reserved 1136640K
  class space    used 12888K, capacity 13392K, committed 14592K, reserved 1048576K
GC Heap History (10 events):
Event: 16762.826 GC heap before
{Heap before GC invocations=1912 (full 137):
 garbage-first heap   total 310272K, used 183419K [0x0000000700000000, 0x0000000700100978, 0x00000007c0000000)
  region size 1024K, 60 young (61440K), 1 survivors (1024K)
 Metaspace       used 94287K, capacity 96641K, committed 102400K, reserved 1136640K
  class space    used 12869K, capacity 13355K, committed 14592K, reserved 1048576K
}
Event: 16762.828 GC heap after
{Heap after GC invocations=1913 (full 137):
 garbage-first heap   total 310272K, used 124012K [0x0000000700000000, 0x0000000700100978, 0x00000007c0000000)
  region size 1024K, 2 young (2048K), 2 survivors (2048K)
 Metaspace       used 94287K, capacity 96641K, committed 102400K, reserved 1136640K
  class space    used 12869K, capacity 13355K, committed 14592K, reserved 1048576K
}
Event: 16769.239 GC heap before
{Heap before GC invocations=1913 (full 137):
 garbage-first heap   total 310272K, used 196716K [0x0000000700000000, 0x0000000700100978, 0x00000007c0000000)
  region size 1024K, 60 young (61440K), 2 survivors (2048K)
 Metaspace       used 94300K, capacity 96641K, committed 102400K, reserved 1136640K
  class space    used 12869K, capacity 13355K, committed 14592K, reserved 1048576K
}
Event: 16769.241 GC heap after
{Heap after GC invocations=1914 (full 137):
 garbage-first heap   total 310272K, used 115779K [0x0000000700000000, 0x0000000700100978, 0x00000007c0000000)
  region size 1024K, 2 young (2048K), 2 survivors (2048K)
 Metaspace       used 94300K, capacity 96641K, committed 102400K, reserved 1136640K
  class space    used 12869K, capacity 13355K, committed 14592K, reserved 1048576K
}
Event: 16769.302 GC heap before
{Heap before GC invocations=1914 (full 137):
 garbage-first heap   total 310272K, used 175171K [0x0000000700000000, 0x0000000700100978, 0x00000007c0000000)
  region size 1024K, 60 young (61440K), 2 survivors (2048K)
 Metaspace       used 94300K, capacity 96641K, committed 102400K, reserved 1136640K
  class space    used 12869K, capacity 13355K, committed 14592K, reserved 1048576K
}
Event: 16769.304 GC heap after
{Heap after GC invocations=1915 (full 137):
 garbage-first heap   total 310272K, used 103500K [0x0000000700000000, 0x0000000700100978, 0x00000007c0000000)
  region size 1024K, 2 young (2048K), 2 survivors (2048K)
 Metaspace       used 94300K, capacity 96641K, committed 102400K, reserved 1136640K
  class space    used 12869K, capacity 13355K, committed 14592K, reserved 1048576K
}
Event: 16769.405 GC heap before
{Heap before GC invocations=1915 (full 137):
 garbage-first heap   total 310272K, used 162892K [0x0000000700000000, 0x0000000700100978, 0x00000007c0000000)
  region size 1024K, 60 young (61440K), 2 survivors (2048K)
 Metaspace       used 94376K, capacity 96815K, committed 102400K, reserved 1136640K
  class space    used 12888K, capacity 13392K, committed 14592K, reserved 1048576K
}
Event: 16769.408 GC heap after
{Heap after GC invocations=1916 (full 137):
 garbage-first heap   total 310272K, used 104270K [0x0000000700000000, 0x0000000700100978, 0x00000007c0000000)
  region size 1024K, 2 young (2048K), 2 survivors (2048K)
 Metaspace       used 94376K, capacity 96815K, committed 102400K, reserved 1136640K
  class space    used 12888K, capacity 13392K, committed 14592K, reserved 1048576K
}
Event: 16769.496 GC heap before
{Heap before GC invocations=1916 (full 137):
 garbage-first heap   total 310272K, used 171854K [0x0000000700000000, 0x0000000700100978, 0x00000007c0000000)
  region size 1024K, 60 young (61440K), 2 survivors (2048K)
 Metaspace       used 94376K, capacity 96815K, committed 102400K, reserved 1136640K
  class space    used 12888K, capacity 13392K, committed 14592K, reserved 1048576K
}
Event: 16769.499 GC heap after
{Heap after GC invocations=1917 (full 137):
 garbage-first heap   total 310272K, used 112064K [0x0000000700000000, 0x0000000700100978, 0x00000007c0000000)
  region size 1024K, 2 young (2048K), 2 survivors (2048K)
 Metaspace       used 94376K, capacity 96815K, committed 102400K, reserved 1136640K
  class space    used 12888K, capacity 13392K, committed 14592K, reserved 1048576K
}

